2025-03-22 00:16:12,246 - INFO - Starting pipeline...
2025-03-22 00:16:12,356 - INFO - Loading and preprocessing data...
2025-03-22 00:16:13,673 - INFO - Data preprocessed. Training set shape: (4000, 784)
2025-03-22 00:16:13,676 - INFO - Generating EDA report...
2025-03-22 00:19:23,425 - INFO - Starting EDA...
2025-03-22 00:19:23,443 - INFO - Using categorical units to plot a list of strings that are all parsable as floats or dates. If these strings should be plotted as numbers, cast to the appropriate data type before plotting.
2025-03-22 00:19:23,449 - INFO - Using categorical units to plot a list of strings that are all parsable as floats or dates. If these strings should be plotted as numbers, cast to the appropriate data type before plotting.
2025-03-22 00:19:24,221 - INFO - EDA completed
2025-03-22 00:19:24,221 - INFO - EDA report generated successfully
2025-03-22 00:19:24,251 - INFO - Starting feature engineering...
2025-03-22 00:19:25,811 - INFO - Feature engineering completed. New feature shape: (4000, 839)
2025-03-22 00:19:25,814 - INFO - Starting AutoML with TPOT...
2025-03-22 00:25:05,790 - INFO - Starting pipeline...
2025-03-22 00:25:05,923 - INFO - Loading and preprocessing data...
2025-03-22 00:25:07,482 - INFO - Data preprocessed. Training set shape: (4000, 784)
2025-03-22 00:25:07,484 - INFO - Generating EDA report...
2025-03-22 00:28:18,690 - INFO - Starting EDA...
2025-03-22 00:28:18,712 - INFO - Using categorical units to plot a list of strings that are all parsable as floats or dates. If these strings should be plotted as numbers, cast to the appropriate data type before plotting.
2025-03-22 00:28:18,718 - INFO - Using categorical units to plot a list of strings that are all parsable as floats or dates. If these strings should be plotted as numbers, cast to the appropriate data type before plotting.
2025-03-22 00:28:19,449 - INFO - EDA completed
2025-03-22 00:28:19,450 - INFO - EDA report generated successfully
2025-03-22 00:28:19,481 - INFO - Starting feature engineering...
2025-03-22 00:28:20,947 - INFO - Feature engineering completed. New feature shape: (4000, 839)
2025-03-22 00:28:20,948 - INFO - Starting AutoML with TPOT...
2025-03-22 01:00:54,359 - ERROR - Pipeline error: 'Pipeline' object has no attribute 'scorers'
2025-03-22 10:03:29,614 - INFO - Starting pipeline...
2025-03-22 10:03:29,740 - INFO - Loading and preprocessing data...
2025-03-22 10:03:31,415 - INFO - Data preprocessed. Training set shape: (400, 784)
2025-03-22 10:03:31,416 - INFO - Generating EDA report...
2025-03-22 10:06:34,283 - INFO - Starting EDA...
2025-03-22 10:06:34,303 - INFO - Using categorical units to plot a list of strings that are all parsable as floats or dates. If these strings should be plotted as numbers, cast to the appropriate data type before plotting.
2025-03-22 10:06:34,308 - INFO - Using categorical units to plot a list of strings that are all parsable as floats or dates. If these strings should be plotted as numbers, cast to the appropriate data type before plotting.
2025-03-22 10:06:35,133 - INFO - EDA completed
2025-03-22 10:06:35,133 - INFO - EDA report generated successfully
2025-03-22 10:06:35,165 - INFO - Starting feature engineering...
2025-03-22 10:06:35,601 - ERROR - Pipeline error: all the input array dimensions except for the concatenation axis must match exactly, but along dimension 0, the array at index 0 has size 400 and the array at index 1 has size 4000
2025-03-22 10:07:30,963 - INFO - Starting pipeline...
2025-03-22 10:07:31,087 - INFO - Loading and preprocessing data...
2025-03-22 10:07:32,246 - INFO - Data preprocessed. Training set shape: (4000, 784)
2025-03-22 10:07:32,248 - INFO - Generating EDA report...
2025-03-22 10:10:17,608 - INFO - Starting pipeline...
2025-03-22 10:10:17,706 - INFO - Loading and preprocessing data...
2025-03-22 10:10:49,862 - INFO - Starting pipeline...
2025-03-22 10:10:49,969 - INFO - Loading and preprocessing data...
2025-03-22 10:10:51,129 - INFO - Data preprocessed. Training set shape: (4000, 784)
2025-03-22 10:10:51,131 - INFO - Generating EDA report...
2025-03-22 10:14:01,032 - INFO - Starting EDA...
2025-03-22 10:14:01,051 - INFO - Using categorical units to plot a list of strings that are all parsable as floats or dates. If these strings should be plotted as numbers, cast to the appropriate data type before plotting.
2025-03-22 10:14:01,057 - INFO - Using categorical units to plot a list of strings that are all parsable as floats or dates. If these strings should be plotted as numbers, cast to the appropriate data type before plotting.
2025-03-22 10:14:01,865 - INFO - EDA completed
2025-03-22 10:14:01,865 - INFO - EDA report generated successfully
2025-03-22 10:14:01,898 - INFO - Starting feature engineering...
2025-03-22 10:14:03,464 - INFO - Feature engineering completed. New feature shape: (4000, 839)
2025-03-22 10:14:03,465 - INFO - Starting AutoML with TPOT...
2025-03-22 10:14:34,489 - ERROR - Pipeline error: No valid workers found
2025-03-22 10:16:29,256 - INFO - Starting pipeline...
2025-03-22 10:16:29,358 - INFO - Loading and preprocessing data...
2025-03-22 10:16:30,688 - INFO - Data preprocessed. Training set shape: (4000, 784)
2025-03-22 10:16:30,689 - INFO - Generating EDA report...
2025-03-22 10:19:44,427 - INFO - Starting EDA...
2025-03-22 10:19:44,445 - INFO - Using categorical units to plot a list of strings that are all parsable as floats or dates. If these strings should be plotted as numbers, cast to the appropriate data type before plotting.
2025-03-22 10:19:44,451 - INFO - Using categorical units to plot a list of strings that are all parsable as floats or dates. If these strings should be plotted as numbers, cast to the appropriate data type before plotting.
2025-03-22 10:19:44,803 - INFO - EDA completed
2025-03-22 10:19:44,804 - INFO - EDA report generated successfully
2025-03-22 10:19:44,839 - INFO - Starting feature engineering...
2025-03-22 10:19:46,281 - INFO - Feature engineering completed. New feature shape: (4000, 839)
2025-03-22 10:19:46,282 - INFO - Starting AutoML with TPOT...
2025-03-22 11:24:28,343 - INFO - AutoML completed. Best score: 0.8520
2025-03-22 11:24:28,346 - INFO - Generating feature explanations...
2025-03-22 11:24:48,088 - INFO - Feature importance analysis completed successfully
2025-03-22 11:24:48,088 - INFO - Performing drift detection...
2025-03-22 11:24:48,186 - ERROR - Error in drift detection: TabularDrift.__init__() got an unexpected keyword argument 'backend'
2025-03-22 11:24:55,599 - INFO - Pipeline completed successfully!
